<?xml version="1.0" encoding="UTF-8"?>
<!-- Generated by org.testng.reporters.JUnitReportReporter -->
<testsuite hostname="ChandraaulisAir" failures="0" tests="1" name="assignment.test1" time="22.691" errors="0" timestamp="2022-11-25T22:41:47 CET" skipped="0">
  <testcase classname="assignment.test1" name="userContact" time="22.691"/>
  <system-out/>
</testsuite> <!-- assignment.test1 -->
