<?xml version="1.0" encoding="UTF-8"?>
<!-- Generated by org.testng.reporters.JUnitReportReporter -->
<testsuite hostname="ChandraaulisAir" failures="0" tests="1" name="assignment.test" time="57.914" errors="0" timestamp="2022-11-25T20:09:13 CET" skipped="0">
  <testcase classname="assignment.test" name="userContact" time="57.914"/>
  <system-out/>
</testsuite> <!-- assignment.test -->
